<?xml version="1.0" encoding="UTF-8"?>
<testng-results ignored="0" total="1" passed="1" failed="0" skipped="0">
  <reporter-output>
  </reporter-output>
  <suite started-at="2022-10-08T15:58:40 IST" name="Suite" finished-at="2022-10-08T16:00:04 IST" duration-ms="83550">
    <groups>
    </groups>
    <test started-at="2022-10-08T15:58:40 IST" name="Test" finished-at="2022-10-08T16:00:04 IST" duration-ms="83550">
      <class name="com.opencart.tests.TC009_EndToEndTest">
        <test-method is-config="true" signature="launchApp(java.lang.String)[pri:0, instance:com.opencart.tests.TC009_EndToEndTest@3bb9a3ff]" started-at="2022-10-08T15:58:42 IST" name="launchApp" finished-at="2022-10-08T15:58:48 IST" duration-ms="6373" status="PASS">
          <params>
            <param index="0">
              <value>
                <![CDATA[chrome]]>
              </value>
            </param>
          </params>
          <reporter-output>
          </reporter-output>
        </test-method> <!-- launchApp -->
        <test-method signature="endToEndFlowTest(java.lang.Object,java.lang.Object,java.lang.Object,java.lang.Object,java.lang.Object,java.lang.Object,java.lang.Object)[pri:0, instance:com.opencart.tests.TC009_EndToEndTest@3bb9a3ff]" started-at="2022-10-08T15:58:48 IST" name="endToEndFlowTest" data-provider="dataSupplier" finished-at="2022-10-08T16:00:04 IST" duration-ms="75902" status="PASS">
          <params>
            <param index="0">
              <value>
                <![CDATA[akshay]]>
              </value>
            </param>
            <param index="1">
              <value>
                <![CDATA[patil]]>
              </value>
            </param>
            <param index="2">
              <value>
                <![CDATA[pune]]>
              </value>
            </param>
            <param index="3">
              <value>
                <![CDATA[pune]]>
              </value>
            </param>
            <param index="4">
              <value>
                <![CDATA[411005.0]]>
              </value>
            </param>
            <param index="5">
              <value>
                <![CDATA[India]]>
              </value>
            </param>
            <param index="6">
              <value>
                <![CDATA[Maharashtra]]>
              </value>
            </param>
          </params>
          <reporter-output>
          </reporter-output>
        </test-method> <!-- endToEndFlowTest -->
      </class> <!-- com.opencart.tests.TC009_EndToEndTest -->
    </test> <!-- Test -->
  </suite> <!-- Suite -->
</testng-results>
