<?xml version="1.0" encoding="UTF-8"?>
<testng-results ignored="0" total="1" passed="1" failed="0" skipped="0">
  <reporter-output>
  </reporter-output>
  <suite started-at="2022-11-11T08:20:38 IST" name="Failed suite [Failed suite [Failed suite [Suite]]]" finished-at="2022-11-11T08:20:51 IST" duration-ms="13693">
    <groups>
    </groups>
    <test started-at="2022-11-11T08:20:38 IST" name="Test(failed)(failed)(failed)" finished-at="2022-11-11T08:20:51 IST" duration-ms="13693">
      <class name="com.opencart.tests.TC007_CheckoutPageTest">
        <test-method is-config="true" signature="launchApp(java.lang.String)[pri:0, instance:com.opencart.tests.TC007_CheckoutPageTest@5ffead27]" started-at="2022-11-11T08:20:39 IST" name="launchApp" finished-at="2022-11-11T08:20:42 IST" duration-ms="3775" status="PASS">
          <params>
            <param index="0">
              <value>
                <![CDATA[chrome]]>
              </value>
            </param>
          </params>
          <reporter-output>
          </reporter-output>
        </test-method> <!-- launchApp -->
        <test-method signature="enterBillingDetails(java.lang.Object,java.lang.Object,java.lang.Object,java.lang.Object,java.lang.Object,java.lang.Object,java.lang.Object)[pri:0, instance:com.opencart.tests.TC007_CheckoutPageTest@5ffead27]" started-at="2022-11-11T08:20:42 IST" name="enterBillingDetails" data-provider="dataSupplier" finished-at="2022-11-11T08:20:51 IST" duration-ms="8648" status="PASS">
          <params>
            <param index="0">
              <value>
                <![CDATA[akshay]]>
              </value>
            </param>
            <param index="1">
              <value>
                <![CDATA[patil]]>
              </value>
            </param>
            <param index="2">
              <value>
                <![CDATA[pune]]>
              </value>
            </param>
            <param index="3">
              <value>
                <![CDATA[pune]]>
              </value>
            </param>
            <param index="4">
              <value>
                <![CDATA[411005.0]]>
              </value>
            </param>
            <param index="5">
              <value>
                <![CDATA[India]]>
              </value>
            </param>
            <param index="6">
              <value>
                <![CDATA[Maharashtra]]>
              </value>
            </param>
          </params>
          <reporter-output>
          </reporter-output>
        </test-method> <!-- enterBillingDetails -->
        <test-method is-config="true" signature="tearDown()[pri:0, instance:com.opencart.tests.TC007_CheckoutPageTest@5ffead27]" started-at="2022-11-11T08:20:51 IST" name="tearDown" finished-at="2022-11-11T08:20:51 IST" duration-ms="251" status="PASS">
          <reporter-output>
          </reporter-output>
        </test-method> <!-- tearDown -->
      </class> <!-- com.opencart.tests.TC007_CheckoutPageTest -->
    </test> <!-- Test(failed)(failed)(failed) -->
  </suite> <!-- Failed suite [Failed suite [Failed suite [Suite]]] -->
</testng-results>
