<?xml version="1.0" encoding="UTF-8"?>
<!-- Generated by org.testng.reporters.JUnitXMLReporter -->
<testsuite ignored="0" hostname="LAPTOP-6FK3USST" failures="0" tests="4" name="Test" time="27.72" errors="0" timestamp="2022-11-11T07:57:35 IST">
  <testcase classname="com.opencart.tests.TC003_MyAccountPageTest" name="searchForExistingProduct" time="2.15"/>
  <testcase classname="com.opencart.tests.TC003_MyAccountPageTest" name="searchForNonExistingProduct" time="2.057"/>
  <testcase classname="com.opencart.tests.TC003_MyAccountPageTest" name="searchWithEnterBtn" time="1.952"/>
  <testcase classname="com.opencart.tests.TC003_MyAccountPageTest" name="validateTitle" time="1.875"/>
</testsuite> <!-- Test -->
